<?xml version="1.0" encoding="UTF-8"?>
<!-- Generated by org.testng.reporters.JUnitReportReporter -->
<testsuite hostname="SVGR5T663" failures="0" tests="1" name="TestSeleniumGitCI" time="7.559" errors="0" timestamp="2022-03-28T15:19:08 CST" skipped="0">
  <testcase classname="TestSeleniumGitCI" name="userLogin" time="7.559"/>
  <system-out/>
</testsuite> <!-- TestSeleniumGitCI -->
