<?xml version="1.0" encoding="UTF-8"?>
<!-- Generated by org.testng.reporters.JUnitReportReporter -->
<testsuite hostname="SVGR5T663" failures="0" tests="1" name="TestSeleniumGitCI" time="2.083" errors="0" timestamp="2022-03-28T15:24:46 CST" skipped="0">
  <testcase classname="TestSeleniumGitCI" name="userLogin" time="2.083"/>
  <system-out/>
</testsuite> <!-- TestSeleniumGitCI -->
